<?xml version="1.0" encoding="UTF-8"?>
<coverage generated="1707662539926" clover="3.2.0">
  <project timestamp="1707662539926" name="All files">
    <metrics statements="25" coveredstatements="16" conditionals="8" coveredconditionals="8" methods="4" coveredmethods="2" elements="37" coveredelements="26" complexity="0" loc="25" ncloc="25" packages="1" files="1" classes="1"/>
    <file name="utils.ts" path="/storage/dev/playground/dnd-poc/src/common/utils.ts">
      <metrics statements="25" coveredstatements="16" conditionals="8" coveredconditionals="8" methods="4" coveredmethods="2"/>
      <line num="1" count="0" type="stmt"/>
      <line num="2" count="0" type="stmt"/>
      <line num="3" count="0" type="stmt"/>
      <line num="4" count="1" type="stmt"/>
      <line num="5" count="6" type="cond" truecount="1" falsecount="0"/>
      <line num="6" count="6" type="cond" truecount="1" falsecount="0"/>
      <line num="7" count="1" type="stmt"/>
      <line num="8" count="1" type="stmt"/>
      <line num="9" count="5" type="cond" truecount="1" falsecount="0"/>
      <line num="10" count="6" type="cond" truecount="2" falsecount="0"/>
      <line num="11" count="6" type="cond" truecount="2" falsecount="0"/>
      <line num="12" count="6" type="stmt"/>
      <line num="13" count="1" type="stmt"/>
      <line num="14" count="1" type="cond" truecount="1" falsecount="0"/>
      <line num="15" count="1" type="stmt"/>
      <line num="16" count="1" type="stmt"/>
      <line num="17" count="1" type="stmt"/>
      <line num="18" count="0" type="stmt"/>
      <line num="19" count="0" type="stmt"/>
      <line num="20" count="0" type="stmt"/>
      <line num="21" count="0" type="stmt"/>
      <line num="22" count="0" type="stmt"/>
      <line num="23" count="0" type="stmt"/>
      <line num="24" count="1" type="stmt"/>
      <line num="25" count="1" type="stmt"/>
    </file>
  </project>
</coverage>
